{"A:\\Home\\NeveshtAfzar\\work\\Azad\\Azad\\hybrid-boilerplate\\app\\react-apps\\sample-app\\components\\layouts\\app-title\\AppTitle.tsx": {"path":"A:\\Home\\NeveshtAfzar\\work\\Azad\\Azad\\hybrid-boilerplate\\app\\react-apps\\sample-app\\components\\layouts\\app-title\\AppTitle.tsx","statementMap":{"0":{"start":{"line":4,"column":30},"end":{"line":11,"column":1}},"1":{"start":{"line":5,"column":4},"end":{"line":10,"column":5}}},"fnMap":{"0":{"name":"(anonymous_0)","decl":{"start":{"line":4,"column":30},"end":{"line":4,"column":31}},"loc":{"start":{"line":4,"column":36},"end":{"line":11,"column":1}},"line":4}},"branchMap":{},"s":{"0":1,"1":1},"f":{"0":1},"b":{},"_coverageSchema":"1a1c01bbd47fc00a2c39e90264f33305004495a9","hash":"96abfaff73e14f0a3760bc8d2a3e5020c2610bce"}
,"A:\\Home\\NeveshtAfzar\\work\\Azad\\Azad\\hybrid-boilerplate\\app\\react-apps\\utils\\number-helper.ts": {"path":"A:\\Home\\NeveshtAfzar\\work\\Azad\\Azad\\hybrid-boilerplate\\app\\react-apps\\utils\\number-helper.ts","statementMap":{"0":{"start":{"line":2,"column":4},"end":{"line":4,"column":5}},"1":{"start":{"line":3,"column":8},"end":{"line":3,"column":29}},"2":{"start":{"line":5,"column":4},"end":{"line":5,"column":42}}},"fnMap":{"0":{"name":"NumberSeparator","decl":{"start":{"line":1,"column":16},"end":{"line":1,"column":31}},"loc":{"start":{"line":1,"column":47},"end":{"line":8,"column":1}},"line":1}},"branchMap":{"0":{"loc":{"start":{"line":2,"column":4},"end":{"line":4,"column":5}},"type":"if","locations":[{"start":{"line":2,"column":4},"end":{"line":4,"column":5}},{"start":{},"end":{}}],"line":2}},"s":{"0":1,"1":0,"2":1},"f":{"0":1},"b":{"0":[0,1]},"_coverageSchema":"1a1c01bbd47fc00a2c39e90264f33305004495a9","hash":"80e2db4abd179cf7400426d4f5139abb6a7aa09c"}
,"A:\\Home\\NeveshtAfzar\\work\\Azad\\Azad\\hybrid-boilerplate\\app\\react-apps\\utils\\persian-helper.js": {"path":"A:\\Home\\NeveshtAfzar\\work\\Azad\\Azad\\hybrid-boilerplate\\app\\react-apps\\utils\\persian-helper.js","statementMap":{"0":{"start":{"line":2,"column":4},"end":{"line":4,"column":5}},"1":{"start":{"line":3,"column":8},"end":{"line":3,"column":18}},"2":{"start":{"line":5,"column":18},"end":{"line":5,"column":26}},"3":{"start":{"line":6,"column":17},"end":{"line":9,"column":5}},"4":{"start":{"line":7,"column":8},"end":{"line":7,"column":59}},"5":{"start":{"line":10,"column":4},"end":{"line":10,"column":18}},"6":{"start":{"line":14,"column":4},"end":{"line":16,"column":5}},"7":{"start":{"line":15,"column":8},"end":{"line":15,"column":18}},"8":{"start":{"line":17,"column":18},"end":{"line":17,"column":26}},"9":{"start":{"line":18,"column":17},"end":{"line":21,"column":5}},"10":{"start":{"line":19,"column":8},"end":{"line":19,"column":59}},"11":{"start":{"line":22,"column":4},"end":{"line":22,"column":18}}},"fnMap":{"0":{"name":"faToEnDigits","decl":{"start":{"line":1,"column":9},"end":{"line":1,"column":21}},"loc":{"start":{"line":1,"column":29},"end":{"line":11,"column":1}},"line":1},"1":{"name":"(anonymous_1)","decl":{"start":{"line":6,"column":38},"end":{"line":6,"column":39}},"loc":{"start":{"line":6,"column":51},"end":{"line":8,"column":5}},"line":6},"2":{"name":"enToFaDigits","decl":{"start":{"line":13,"column":9},"end":{"line":13,"column":21}},"loc":{"start":{"line":13,"column":29},"end":{"line":23,"column":1}},"line":13},"3":{"name":"(anonymous_3)","decl":{"start":{"line":18,"column":49},"end":{"line":18,"column":50}},"loc":{"start":{"line":18,"column":62},"end":{"line":20,"column":5}},"line":18}},"branchMap":{"0":{"loc":{"start":{"line":2,"column":4},"end":{"line":4,"column":5}},"type":"if","locations":[{"start":{"line":2,"column":4},"end":{"line":4,"column":5}},{"start":{},"end":{}}],"line":2},"1":{"loc":{"start":{"line":14,"column":4},"end":{"line":16,"column":5}},"type":"if","locations":[{"start":{"line":14,"column":4},"end":{"line":16,"column":5}},{"start":{},"end":{}}],"line":14},"2":{"loc":{"start":{"line":14,"column":8},"end":{"line":14,"column":49}},"type":"binary-expr","locations":[{"start":{"line":14,"column":8},"end":{"line":14,"column":33}},{"start":{"line":14,"column":37},"end":{"line":14,"column":49}}],"line":14}},"s":{"0":1,"1":0,"2":1,"3":1,"4":3,"5":1,"6":1,"7":0,"8":1,"9":1,"10":3,"11":1},"f":{"0":1,"1":3,"2":1,"3":3},"b":{"0":[0,1],"1":[0,1],"2":[1,0]},"_coverageSchema":"1a1c01bbd47fc00a2c39e90264f33305004495a9","hash":"fc7e33cf2c08fb3058ebb3b9b327b429942cb801"}
,"A:\\Home\\NeveshtAfzar\\work\\Azad\\Azad\\hybrid-boilerplate\\config\\address-config.ts": {"path":"A:\\Home\\NeveshtAfzar\\work\\Azad\\Azad\\hybrid-boilerplate\\config\\address-config.ts","statementMap":{"0":{"start":{"line":9,"column":8},"end":{"line":9,"column":33}},"1":{"start":{"line":12,"column":8},"end":{"line":21,"column":9}},"2":{"start":{"line":14,"column":16},"end":{"line":14,"column":44}},"3":{"start":{"line":16,"column":16},"end":{"line":16,"column":44}},"4":{"start":{"line":18,"column":16},"end":{"line":18,"column":48}},"5":{"start":{"line":20,"column":16},"end":{"line":20,"column":41}},"6":{"start":{"line":22,"column":8},"end":{"line":22,"column":31}}},"fnMap":{"0":{"name":"(anonymous_0)","decl":{"start":{"line":8,"column":4},"end":{"line":8,"column":5}},"loc":{"start":{"line":8,"column":34},"end":{"line":10,"column":5}},"line":8},"1":{"name":"(anonymous_1)","decl":{"start":{"line":11,"column":4},"end":{"line":11,"column":5}},"loc":{"start":{"line":11,"column":20},"end":{"line":23,"column":5}},"line":11}},"branchMap":{"0":{"loc":{"start":{"line":12,"column":8},"end":{"line":21,"column":9}},"type":"switch","locations":[{"start":{"line":13,"column":12},"end":{"line":14,"column":44}},{"start":{"line":15,"column":12},"end":{"line":16,"column":44}},{"start":{"line":17,"column":12},"end":{"line":18,"column":48}},{"start":{"line":19,"column":12},"end":{"line":20,"column":41}}],"line":12}},"s":{"0":1,"1":0,"2":0,"3":0,"4":0,"5":0,"6":0},"f":{"0":1,"1":0},"b":{"0":[0,0,0,0]},"_coverageSchema":"1a1c01bbd47fc00a2c39e90264f33305004495a9","hash":"905f51b883a7994bbc3fe6850b27da73d2c6f859"}
,"A:\\Home\\NeveshtAfzar\\work\\Azad\\Azad\\hybrid-boilerplate\\config\\general-config.ts": {"path":"A:\\Home\\NeveshtAfzar\\work\\Azad\\Azad\\hybrid-boilerplate\\config\\general-config.ts","statementMap":{"0":{"start":{"line":11,"column":8},"end":{"line":11,"column":23}},"1":{"start":{"line":14,"column":8},"end":{"line":14,"column":33}},"2":{"start":{"line":15,"column":8},"end":{"line":15,"column":56}},"3":{"start":{"line":18,"column":22},"end":{"line":18,"column":106}}},"fnMap":{"0":{"name":"(anonymous_0)","decl":{"start":{"line":10,"column":4},"end":{"line":10,"column":5}},"loc":{"start":{"line":10,"column":46},"end":{"line":16,"column":5}},"line":10}},"branchMap":{},"s":{"0":1,"1":1,"2":1,"3":1},"f":{"0":1},"b":{},"_coverageSchema":"1a1c01bbd47fc00a2c39e90264f33305004495a9","hash":"4ddf513f802b68ae9bd33af459783365bcea1015"}
}
