TN:
SF:app\react-apps\sample-app\components\layouts\app-title\AppTitle.tsx
FN:4,(anonymous_0)
FNF:1
FNH:1
FNDA:1,(anonymous_0)
DA:4,1
DA:5,1
LF:2
LH:2
BRF:0
BRH:0
end_of_record
TN:
SF:app\react-apps\utils\number-helper.ts
FN:1,NumberSeparator
FNF:1
FNH:1
FNDA:1,NumberSeparator
DA:2,1
DA:3,0
DA:5,1
LF:3
LH:2
BRDA:2,0,0,0
BRDA:2,0,1,1
BRF:2
BRH:1
end_of_record
TN:
SF:app\react-apps\utils\persian-helper.js
FN:1,faToEnDigits
FN:6,(anonymous_1)
FN:13,enToFaDigits
FN:18,(anonymous_3)
FNF:4
FNH:4
FNDA:1,faToEnDigits
FNDA:3,(anonymous_1)
FNDA:1,enToFaDigits
FNDA:3,(anonymous_3)
DA:2,1
DA:3,0
DA:5,1
DA:6,1
DA:7,3
DA:10,1
DA:14,1
DA:15,0
DA:17,1
DA:18,1
DA:19,3
DA:22,1
LF:12
LH:10
BRDA:2,0,0,0
BRDA:2,0,1,1
BRDA:14,1,0,0
BRDA:14,1,1,1
BRDA:14,2,0,1
BRDA:14,2,1,0
BRF:6
BRH:3
end_of_record
TN:
SF:config\address-config.ts
FN:8,(anonymous_0)
FN:11,(anonymous_1)
FNF:2
FNH:1
FNDA:1,(anonymous_0)
FNDA:0,(anonymous_1)
DA:9,1
DA:12,0
DA:14,0
DA:16,0
DA:18,0
DA:20,0
DA:22,0
LF:7
LH:1
BRDA:12,0,0,0
BRDA:12,0,1,0
BRDA:12,0,2,0
BRDA:12,0,3,0
BRF:4
BRH:0
end_of_record
TN:
SF:config\general-config.ts
FN:10,(anonymous_0)
FNF:1
FNH:1
FNDA:1,(anonymous_0)
DA:11,1
DA:14,1
DA:15,1
DA:18,1
LF:4
LH:4
BRF:0
BRH:0
end_of_record
